<?xml version="1.0" encoding="UTF-8"?>
<testng-results ignored="0" total="0" passed="0" failed="0" skipped="0">
  <reporter-output>
  </reporter-output>
  <suite started-at="2024-01-17T19:35:13 IST" name="Default suite" finished-at="2024-01-17T19:35:13 IST" duration-ms="36">
    <groups>
    </groups>
    <test started-at="2024-01-17T19:35:13 IST" name="Default test" finished-at="2024-01-17T19:35:13 IST" duration-ms="36">
      <class name="Google_sheet_Test.BestBuyAPITests">
        <test-method is-config="true" signature="init()[pri:0, instance:Google_sheet_Test.BestBuyAPITests@68c9133c]" started-at="2024-01-17T19:35:02 IST" name="init" finished-at="2024-01-17T19:35:13 IST" duration-ms="10615" status="FAIL">
          <exception class="com.google.api.client.googleapis.json.GoogleJsonResponseException">
            <message>
              <![CDATA[400 Bad Request
PUT https://sheets.googleapis.com/v4/spreadsheets/1_BE8gXMsgyzOLKKwlBTh3zJQMYwU0w5tvgMPGhdA9r0/values/nullA1?valueInputOption=USER_ENTERED
{
  "code" : 400,
  "errors" : [ {
    "domain" : "global",
    "message" : "Unable to parse range: nullA1",
    "reason" : "badRequest"
  } ],
  "message" : "Unable to parse range: nullA1",
  "status" : "INVALID_ARGUMENT"
}]]>
            </message>
            <full-stacktrace>
              <![CDATA[com.google.api.client.googleapis.json.GoogleJsonResponseException: 400 Bad Request
PUT https://sheets.googleapis.com/v4/spreadsheets/1_BE8gXMsgyzOLKKwlBTh3zJQMYwU0w5tvgMPGhdA9r0/values/nullA1?valueInputOption=USER_ENTERED
{
  "code" : 400,
  "errors" : [ {
    "domain" : "global",
    "message" : "Unable to parse range: nullA1",
    "reason" : "badRequest"
  } ],
  "message" : "Unable to parse range: nullA1",
  "status" : "INVALID_ARGUMENT"
}
at com.google.api.client.googleapis.json.GoogleJsonResponseException.from(GoogleJsonResponseException.java:146)
at com.google.api.client.googleapis.services.json.AbstractGoogleJsonClientRequest.newExceptionOnError(AbstractGoogleJsonClientRequest.java:118)
at com.google.api.client.googleapis.services.json.AbstractGoogleJsonClientRequest.newExceptionOnError(AbstractGoogleJsonClientRequest.java:37)
at com.google.api.client.googleapis.services.AbstractGoogleClientRequest$1.interceptResponse(AbstractGoogleClientRequest.java:428)
at com.google.api.client.http.HttpRequest.execute(HttpRequest.java:1111)
at com.google.api.client.googleapis.services.AbstractGoogleClientRequest.executeUnparsed(AbstractGoogleClientRequest.java:514)
at com.google.api.client.googleapis.services.AbstractGoogleClientRequest.executeUnparsed(AbstractGoogleClientRequest.java:455)
at com.google.api.client.googleapis.services.AbstractGoogleClientRequest.execute(AbstractGoogleClientRequest.java:565)
at Google_sheet_Test.GoogleSheets.writeSheet(GoogleSheets.java:143)
at Google_sheet_Test.GoogleSheets.createSheetAndColumn(GoogleSheets.java:38)
at Test.BaseFile.init(BaseFile.java:69)
at java.base/jdk.internal.reflect.NativeMethodAccessorImpl.invoke0(Native Method)
at java.base/jdk.internal.reflect.NativeMethodAccessorImpl.invoke(NativeMethodAccessorImpl.java:77)
at java.base/jdk.internal.reflect.DelegatingMethodAccessorImpl.invoke(DelegatingMethodAccessorImpl.java:43)
at java.base/java.lang.reflect.Method.invoke(Method.java:568)
at org.testng.internal.invokers.MethodInvocationHelper.invokeMethod(MethodInvocationHelper.java:139)
at org.testng.internal.invokers.MethodInvocationHelper.invokeMethodConsideringTimeout(MethodInvocationHelper.java:69)
at org.testng.internal.invokers.ConfigInvoker.invokeConfigurationMethod(ConfigInvoker.java:361)
at org.testng.internal.invokers.ConfigInvoker.invokeConfigurations(ConfigInvoker.java:296)
at org.testng.SuiteRunner.privateRun(SuiteRunner.java:372)
at org.testng.SuiteRunner.run(SuiteRunner.java:330)
at org.testng.SuiteRunnerWorker.runSuite(SuiteRunnerWorker.java:52)
at org.testng.SuiteRunnerWorker.run(SuiteRunnerWorker.java:95)
at org.testng.TestNG.runSuitesSequentially(TestNG.java:1256)
at org.testng.TestNG.runSuitesLocally(TestNG.java:1176)
at org.testng.TestNG.runSuites(TestNG.java:1099)
at org.testng.TestNG.run(TestNG.java:1067)
at org.testng.remote.AbstractRemoteTestNG.run(AbstractRemoteTestNG.java:115)
at org.testng.remote.RemoteTestNG.initAndRun(RemoteTestNG.java:251)
at org.testng.remote.RemoteTestNG.main(RemoteTestNG.java:77)
]]>
            </full-stacktrace>
          </exception> <!-- com.google.api.client.googleapis.json.GoogleJsonResponseException -->
          <reporter-output>
          </reporter-output>
        </test-method> <!-- init -->
      </class> <!-- Google_sheet_Test.BestBuyAPITests -->
    </test> <!-- Default test -->
  </suite> <!-- Default suite -->
</testng-results>
